-- Sat 01 2010 16:35:32 --
[assert error] 
Condition: 
Details: FoobarActionController@online15
-----------------------------------------------

-- Sat 01 2010 16:39:02 --
[assert error] 
Condition: 
Details: FoobarActionController@online15
-----------------------------------------------

-- Sat 01 2010 16:40:24 --
[assert error] 
Condition: 
Details: FoobarActionController@online14
-----------------------------------------------

-- Sat 01 2010 16:40:47 --
[assert error] 
Condition: 'bar' == 'baz'
Details: FoobarActionController @online 15
-----------------------------------------------

-- Sat 10 2010 17:49:49 --
[assert error] 
Condition: 
Details: Application\Modulo\Controllers\FoobarIndexController @online 35
-----------------------------------------------

-- Sat, 23 10 2010 17:50:27 --
[assert error] 
Condition: 
Details: Application\Modulo\Controllers\FoobarIndexController @online 35
-----------------------------------------------

-- Sat, 23 Oct 2010 17:50:44 --
[assert error] 
Condition: 
Details: Application\Modulo\Controllers\FoobarIndexController @online 35
-----------------------------------------------

-- Sat, 23 Oct 2010 17:51:51 --
[assert error] 
Condition: 
Details: Application\Modulo\Controllers\FoobarIndexController @online 35
-----------------------------------------------

